  autofit.c
  ftbase.c
  ftbbox.c
  ftbitmap.c
  ftdebug.c
  ftfstype.c
  ftglyph.c
  ftgxval.c
  ftinit.c
  ftlcdfil.c
  ftmm.c
  ftotval.c
  ftpatent.c
  ftpfr.c
  ftstroke.c
  ftsynth.c
  ftsystem.c
  bdf.c
  ftcache.c
  cff.c
  Generating Code...
  Compiling...
  type1cid.c
  ftgzip.c
  ftlzw.c
  pcf.c
  pfr.c
  psaux.c
C:\Users\xpto7\OneDrive\Desktop\DevProj\vendor\freetype2\src\psaux\psintrp.c(1005,25): warning C4267: '=': conversion from 'size_t' to 'FT_Fast', possible loss of data
  pshinter.c
  psmodule.c
  raster.c
  sfnt.c
C:\Users\xpto7\OneDrive\Desktop\DevProj\vendor\freetype2\src\sfnt\sfdriver.c(860,13): warning C4267: '=': conversion from 'size_t' to 'FT_UInt', possible loss of data
C:\Users\xpto7\OneDrive\Desktop\DevProj\vendor\freetype2\src\sfnt\sfdriver.c(1011,36): warning C4244: 'function': conversion from '__int64' to 'const unsigned int', possible loss of data
C:\Users\xpto7\OneDrive\Desktop\DevProj\vendor\freetype2\src\sfnt\ttcolr.c(127,50): warning C4018: '>': signed/unsigned mismatch
C:\Users\xpto7\OneDrive\Desktop\DevProj\vendor\freetype2\src\sfnt\ttcolr.c(136,40): warning C4018: '>': signed/unsigned mismatch
C:\Users\xpto7\OneDrive\Desktop\DevProj\vendor\freetype2\src\sfnt\ttcpal.c(121,40): warning C4018: '>': signed/unsigned mismatch
C:\Users\xpto7\OneDrive\Desktop\DevProj\vendor\freetype2\src\sfnt\ttcpal.c(153,50): warning C4018: '>': signed/unsigned mismatch
C:\Users\xpto7\OneDrive\Desktop\DevProj\vendor\freetype2\src\sfnt\ttcpal.c(174,50): warning C4018: '>': signed/unsigned mismatch
C:\Users\xpto7\OneDrive\Desktop\DevProj\vendor\freetype2\src\sfnt\ttcpal.c(195,57): warning C4018: '>': signed/unsigned mismatch
  smooth.c
C:\Users\xpto7\OneDrive\Desktop\DevProj\vendor\freetype2\src\smooth\ftgrays.c(1704,20): warning C4267: '+=': conversion from 'size_t' to 'TCoord', possible loss of data
  truetype.c
C:\Users\xpto7\OneDrive\Desktop\DevProj\vendor\freetype2\src\truetype\ttgload.c(1877,42): warning C4312: 'type cast': conversion from 'unsigned long' to 'void *' of greater size
  type1.c
C:\Users\xpto7\OneDrive\Desktop\DevProj\vendor\freetype2\src\type1\t1driver.c(277,48): warning C4267: '=': conversion from 'size_t' to 'FT_ULong', possible loss of data
C:\Users\xpto7\OneDrive\Desktop\DevProj\vendor\freetype2\src\type1\t1driver.c(298,55): warning C4267: '=': conversion from 'size_t' to 'FT_ULong', possible loss of data
C:\Users\xpto7\OneDrive\Desktop\DevProj\vendor\freetype2\src\type1\t1driver.c(330,62): warning C4267: '=': conversion from 'size_t' to 'FT_ULong', possible loss of data
C:\Users\xpto7\OneDrive\Desktop\DevProj\vendor\freetype2\src\type1\t1driver.c(360,19): warning C4267: '=': conversion from 'size_t' to 'FT_UInt', possible loss of data
C:\Users\xpto7\OneDrive\Desktop\DevProj\vendor\freetype2\src\type1\t1driver.c(569,56): warning C4267: '=': conversion from 'size_t' to 'FT_ULong', possible loss of data
C:\Users\xpto7\OneDrive\Desktop\DevProj\vendor\freetype2\src\type1\t1driver.c(578,55): warning C4267: '=': conversion from 'size_t' to 'FT_ULong', possible loss of data
C:\Users\xpto7\OneDrive\Desktop\DevProj\vendor\freetype2\src\type1\t1driver.c(587,58): warning C4267: '=': conversion from 'size_t' to 'FT_ULong', possible loss of data
C:\Users\xpto7\OneDrive\Desktop\DevProj\vendor\freetype2\src\type1\t1driver.c(596,60): warning C4267: '=': conversion from 'size_t' to 'FT_ULong', possible loss of data
C:\Users\xpto7\OneDrive\Desktop\DevProj\vendor\freetype2\src\type1\t1driver.c(606,55): warning C4267: '=': conversion from 'size_t' to 'FT_ULong', possible loss of data
C:\Users\xpto7\OneDrive\Desktop\DevProj\vendor\freetype2\src\type1\t1load.c(1737,64): warning C4244: '=': conversion from '__int64' to 'FT_Int', possible loss of data
C:\Users\xpto7\OneDrive\Desktop\DevProj\vendor\freetype2\src\type1\t1load.c(1907,36): warning C4244: '=': conversion from '__int64' to 'FT_Int', possible loss of data
  type42.c
C:\Users\xpto7\OneDrive\Desktop\DevProj\vendor\freetype2\src\type42\t42parse.c(832,62): warning C4244: '=': conversion from '__int64' to 'FT_Int', possible loss of data
  winfnt.c
  Generating Code...
ftbase.obj : warning LNK4006: FT_Library_SetLcdFilter already defined in ftlcdfil.obj; second definition ignored
ftbase.obj : warning LNK4006: FT_Library_SetLcdFilterWeights already defined in ftlcdfil.obj; second definition ignored
ftbase.obj : warning LNK4006: FT_Library_SetLcdGeometry already defined in ftlcdfil.obj; second definition ignored
ftbase.obj : warning LNK4006: ft_lcd_padding already defined in ftlcdfil.obj; second definition ignored
  Freetype.vcxproj -> C:\Users\xpto7\OneDrive\Desktop\DevProj\bin\Debug-windows\Freetype\freetype_d.lib
